<?xml version="1.0" encoding="UTF-8"?>
<!-- Generated by org.testng.reporters.JUnitXMLReporter -->
<testsuite ignored="1" hostname="MAC-OBS-36.local" failures="0" tests="5" name="NopCommerce Tests" time="15.202" errors="0" timestamp="2024-02-01T03:06:35 IST">
  <testcase classname="com.nopcommerce.qa.testcases.LoginTest" name="verifyLoginWithoutCredentials" time="0.651"/>
  <testcase classname="com.nopcommerce.qa.testcases.LoginTest" name="verifyLoginWithoutPassword" time="0.604"/>
  <testcase classname="com.nopcommerce.qa.testcases.LoginTest" name="verifyLogin" time="0.648"/>
  <testcase classname="com.nopcommerce.qa.testcases.RegisterTest" name="registerWithoutUserData" time="0.604"/>
  <testcase classname="com.nopcommerce.qa.testcases.RegisterTest" name="registerNewUser" time="4.602"/>
  <testcase classname="com.nopcommerce.qa.base.BrowserBase" name="@AfterSuite tearDown" time="0.0">
    <ignored/>
  </testcase> <!-- @AfterSuite tearDown -->
</testsuite> <!-- NopCommerce Tests -->
