<?xml version="1.0" encoding="UTF-8"?>
<!-- Generated by org.testng.reporters.JUnitXMLReporter -->
<testsuite ignored="1" hostname="MAC-OBS-36.local" failures="0" tests="5" name="NopCommerce Tests" time="12.163" errors="0" timestamp="2024-02-04T23:19:34 IST">
  <testcase classname="com.nopcommerce.web.testcases.LoginTest" name="verifyLoginWithoutCredentials" time="0.591"/>
  <testcase classname="com.nopcommerce.web.testcases.LoginTest" name="verifyLoginWithoutPassword" time="0.572"/>
  <testcase classname="com.nopcommerce.web.testcases.LoginTest" name="verifyLogin" time="0.68"/>
  <testcase classname="com.nopcommerce.web.testcases.RegisterTest" name="registerWithoutUserData" time="0.566"/>
  <testcase classname="com.nopcommerce.web.testcases.RegisterTest" name="registerNewUser" time="1.518"/>
  <testcase classname="com.nopcommerce.web.driverbase.BrowserBase" name="@AfterSuite tearDown" time="0.0">
    <ignored/>
  </testcase> <!-- @AfterSuite tearDown -->
</testsuite> <!-- NopCommerce Tests -->
