<?xml version="1.0" encoding="UTF-8"?>
<testng-results ignored="0" total="5" passed="5" failed="0" skipped="0">
  <reporter-output>
  </reporter-output>
  <suite started-at="2024-02-04T23:19:22 IST" name="NopCommerce" finished-at="2024-02-04T23:19:34 IST" duration-ms="12163">
    <groups>
    </groups>
    <test started-at="2024-02-04T23:19:22 IST" name="NopCommerce Tests" finished-at="2024-02-04T23:19:34 IST" duration-ms="12163">
      <class name="com.nopcommerce.web.testcases.LoginTest">
        <test-method is-config="true" signature="setUpRegisterPage()[pri:0, instance:com.nopcommerce.web.testcases.LoginTest@62923ee6]" started-at="2024-02-04T23:19:28 IST" name="setUpRegisterPage" finished-at="2024-02-04T23:19:28 IST" duration-ms="16" status="PASS">
          <reporter-output>
          </reporter-output>
        </test-method> <!-- setUpRegisterPage -->
        <test-method signature="verifyLoginWithoutCredentials()[pri:1, instance:com.nopcommerce.web.testcases.LoginTest@62923ee6]" started-at="2024-02-04T23:19:28 IST" name="verifyLoginWithoutCredentials" finished-at="2024-02-04T23:19:28 IST" duration-ms="591" status="PASS">
          <reporter-output>
          </reporter-output>
        </test-method> <!-- verifyLoginWithoutCredentials -->
        <test-method signature="verifyLoginWithoutPassword()[pri:2, instance:com.nopcommerce.web.testcases.LoginTest@62923ee6]" started-at="2024-02-04T23:19:29 IST" name="verifyLoginWithoutPassword" finished-at="2024-02-04T23:19:29 IST" duration-ms="572" status="PASS">
          <reporter-output>
          </reporter-output>
        </test-method> <!-- verifyLoginWithoutPassword -->
        <test-method signature="verifyLogin()[pri:3, instance:com.nopcommerce.web.testcases.LoginTest@62923ee6]" started-at="2024-02-04T23:19:30 IST" name="verifyLogin" finished-at="2024-02-04T23:19:30 IST" duration-ms="680" status="PASS">
          <reporter-output>
          </reporter-output>
        </test-method> <!-- verifyLogin -->
        <test-method is-config="true" signature="tearDown()[pri:0, instance:com.nopcommerce.web.testcases.LoginTest@62923ee6]" started-at="2024-02-04T23:19:34 IST" name="tearDown" finished-at="2024-02-04T23:19:35 IST" duration-ms="117" status="PASS">
          <reporter-output>
          </reporter-output>
        </test-method> <!-- tearDown -->
      </class> <!-- com.nopcommerce.web.testcases.LoginTest -->
      <class name="com.nopcommerce.web.testcases.RegisterTest">
        <test-method is-config="true" signature="setUpRegisterPage()[pri:0, instance:com.nopcommerce.web.testcases.RegisterTest@a1217f9]" started-at="2024-02-04T23:19:31 IST" name="setUpRegisterPage" finished-at="2024-02-04T23:19:31 IST" duration-ms="27" status="PASS">
          <reporter-output>
          </reporter-output>
        </test-method> <!-- setUpRegisterPage -->
        <test-method signature="registerWithoutUserData()[pri:1, instance:com.nopcommerce.web.testcases.RegisterTest@a1217f9]" started-at="2024-02-04T23:19:31 IST" name="registerWithoutUserData" finished-at="2024-02-04T23:19:31 IST" duration-ms="566" status="PASS">
          <reporter-output>
          </reporter-output>
        </test-method> <!-- registerWithoutUserData -->
        <test-method signature="registerNewUser()[pri:2, instance:com.nopcommerce.web.testcases.RegisterTest@a1217f9]" started-at="2024-02-04T23:19:32 IST" name="registerNewUser" finished-at="2024-02-04T23:19:33 IST" duration-ms="1518" status="PASS">
          <reporter-output>
          </reporter-output>
        </test-method> <!-- registerNewUser -->
      </class> <!-- com.nopcommerce.web.testcases.RegisterTest -->
    </test> <!-- NopCommerce Tests -->
  </suite> <!-- NopCommerce -->
</testng-results>
