<?xml version="1.0" encoding="UTF-8"?>
<testng-results ignored="0" total="5" passed="5" failed="0" skipped="0">
  <reporter-output>
  </reporter-output>
  <suite started-at="2024-02-01T03:06:20 IST" name="NopCommerce" finished-at="2024-02-01T03:06:35 IST" duration-ms="15202">
    <groups>
    </groups>
    <test started-at="2024-02-01T03:06:20 IST" name="NopCommerce Tests" finished-at="2024-02-01T03:06:35 IST" duration-ms="15202">
      <class name="com.nopcommerce.qa.testcases.RegisterTest">
        <test-method is-config="true" signature="setUpRegisterPage()[pri:0, instance:com.nopcommerce.qa.testcases.RegisterTest@76494737]" started-at="2024-02-01T03:06:29 IST" name="setUpRegisterPage" finished-at="2024-02-01T03:06:29 IST" duration-ms="28" status="PASS">
          <reporter-output>
          </reporter-output>
        </test-method> <!-- setUpRegisterPage -->
        <test-method signature="registerWithoutUserData()[pri:1, instance:com.nopcommerce.qa.testcases.RegisterTest@76494737]" started-at="2024-02-01T03:06:29 IST" name="registerWithoutUserData" finished-at="2024-02-01T03:06:29 IST" duration-ms="604" status="PASS">
          <reporter-output>
          </reporter-output>
        </test-method> <!-- registerWithoutUserData -->
        <test-method signature="registerNewUser()[pri:2, instance:com.nopcommerce.qa.testcases.RegisterTest@76494737]" started-at="2024-02-01T03:06:30 IST" name="registerNewUser" finished-at="2024-02-01T03:06:34 IST" duration-ms="4602" status="PASS">
          <reporter-output>
          </reporter-output>
        </test-method> <!-- registerNewUser -->
      </class> <!-- com.nopcommerce.qa.testcases.RegisterTest -->
      <class name="com.nopcommerce.qa.testcases.LoginTest">
        <test-method is-config="true" signature="setUpRegisterPage()[pri:0, instance:com.nopcommerce.qa.testcases.LoginTest@70ed52de]" started-at="2024-02-01T03:06:25 IST" name="setUpRegisterPage" finished-at="2024-02-01T03:06:25 IST" duration-ms="15" status="PASS">
          <reporter-output>
          </reporter-output>
        </test-method> <!-- setUpRegisterPage -->
        <test-method signature="verifyLoginWithoutCredentials()[pri:1, instance:com.nopcommerce.qa.testcases.LoginTest@70ed52de]" started-at="2024-02-01T03:06:25 IST" name="verifyLoginWithoutCredentials" finished-at="2024-02-01T03:06:26 IST" duration-ms="651" status="PASS">
          <reporter-output>
          </reporter-output>
        </test-method> <!-- verifyLoginWithoutCredentials -->
        <test-method signature="verifyLoginWithoutPassword(java.lang.String)[pri:2, instance:com.nopcommerce.qa.testcases.LoginTest@70ed52de]" started-at="2024-02-01T03:06:27 IST" name="verifyLoginWithoutPassword" data-provider="onlyEmailCredential" finished-at="2024-02-01T03:06:27 IST" duration-ms="604" status="PASS">
          <params>
            <param index="0">
              <value>
                <![CDATA[naveen@yopmail.com]]>
              </value>
            </param>
          </params>
          <reporter-output>
          </reporter-output>
        </test-method> <!-- verifyLoginWithoutPassword -->
        <test-method signature="verifyLogin(java.lang.String,java.lang.String)[pri:3, instance:com.nopcommerce.qa.testcases.LoginTest@70ed52de]" started-at="2024-02-01T03:06:28 IST" name="verifyLogin" data-provider="validLoginCredentials" finished-at="2024-02-01T03:06:28 IST" duration-ms="648" status="PASS">
          <params>
            <param index="0">
              <value>
                <![CDATA[naveen@yopmail.com]]>
              </value>
            </param>
            <param index="1">
              <value>
                <![CDATA[12345]]>
              </value>
            </param>
          </params>
          <reporter-output>
          </reporter-output>
        </test-method> <!-- verifyLogin -->
        <test-method is-config="true" signature="tearDown()[pri:0, instance:com.nopcommerce.qa.testcases.LoginTest@70ed52de]" started-at="2024-02-01T03:06:36 IST" name="tearDown" finished-at="2024-02-01T03:06:36 IST" duration-ms="115" status="PASS">
          <reporter-output>
          </reporter-output>
        </test-method> <!-- tearDown -->
      </class> <!-- com.nopcommerce.qa.testcases.LoginTest -->
    </test> <!-- NopCommerce Tests -->
  </suite> <!-- NopCommerce -->
</testng-results>
